        -:    0:Source:/mnt/c/Aaron's Folder/173Projects/Project2/makeDfaNfa.c
        -:    0:Graph:/mnt/c/Aaron's Folder/173Projects/Project2/cmake-build-debug-coverage/CMakeFiles/Project2.dir/makeDfaNfa.c.gcno
        -:    0:Data:/mnt/c/Aaron's Folder/173Projects/Project2/cmake-build-debug-coverage/CMakeFiles/Project2.dir/makeDfaNfa.c.gcda
        -:    0:Runs:1
        -:    1:#include <stdio.h>
        -:    2:#include <stdlib.h>
        -:    3:#include <stdbool.h>
        -:    4:#include <string.h>
        -:    5:
        -:    6:#include "makeDfaNfa.h"
        -:    7:#include "dfa.h"
        -:    8:
        -:    9:// Create an extra dead state
        -:   10:// DFA for exactly the string "Aho"
function create_exactly_Aho called 0 returned 0% blocks executed 0%
    #####:   11:DFA create_exactly_Aho()
        -:   12:{
    #####:   13:    DFA exactlyAho = new_DFA(5);
    %%%%%:   13-block  0
call    0 never executed
    #####:   14:    DFA_set_accepting(exactlyAho, 3, true);
call    0 never executed
    #####:   15:    DFA_set_transition_all(exactlyAho, 0, 4);
call    0 never executed
    #####:   16:    DFA_set_transition_all(exactlyAho, 1, 4);
call    0 never executed
    #####:   17:    DFA_set_transition_all(exactlyAho, 2, 4);
call    0 never executed
    #####:   18:    DFA_set_transition_all(exactlyAho, 3, 4);
call    0 never executed
    #####:   19:    DFA_set_transition_all(exactlyAho, 4, 4);
call    0 never executed
        -:   20:
    #####:   21:    DFA_set_transition(exactlyAho, 0, 'A', 1);
call    0 never executed
    #####:   22:    DFA_set_transition(exactlyAho, 1, 'h', 2);
call    0 never executed
    #####:   23:    DFA_set_transition(exactlyAho, 2, 'o', 3);
call    0 never executed
        -:   24:
    #####:   25:    return exactlyAho;
        -:   26:}
        -:   27:
        -:   28:// DFA for 1 2 3 in order
function create_order_1_2_3 called 1 returned 100% blocks executed 100%
        1:   29:DFA create_order_1_2_3()
        -:   30:{
        1:   31:    DFA order123 = new_DFA(4);
        1:   31-block  0
call    0 returned 1
        1:   32:    DFA_set_accepting(order123, 3, true);
call    0 returned 1
        1:   33:    DFA_set_transition_all(order123, 0, 0);
call    0 returned 1
        1:   34:    DFA_set_transition_all(order123, 1, 1);
call    0 returned 1
        1:   35:    DFA_set_transition_all(order123, 2, 2);
call    0 returned 1
        1:   36:    DFA_set_transition_all(order123, 3, 3);
call    0 returned 1
        -:   37:
        1:   38:    DFA_set_transition(order123, 0, '1', 1);
call    0 returned 1
        1:   39:    DFA_set_transition(order123, 1, '2', 2);
call    0 returned 1
        1:   40:    DFA_set_transition(order123, 2, '3', 3);
call    0 returned 1
        -:   41:
        1:   42:    return order123;
        -:   43:}
        -:   44:
        -:   45:// DFA for 1 or 2 or 3 at the start
function create_starting_1_or_2_or_3 called 0 returned 0% blocks executed 0%
    #####:   46:DFA create_starting_1_or_2_or_3()
        -:   47:{
    #####:   48:    DFA starting123 = new_DFA(3);
    %%%%%:   48-block  0
call    0 never executed
    #####:   49:    DFA_set_accepting(starting123, 1, true);
call    0 never executed
    #####:   50:    DFA_set_transition_all(starting123, 0, 2);
call    0 never executed
    #####:   51:    DFA_set_transition_all(starting123, 1, 1);
call    0 never executed
    #####:   52:    DFA_set_transition_all(starting123, 2, 2);
call    0 never executed
        -:   53:
    #####:   54:    DFA_set_transition_str(starting123, 0, "123", 1);
call    0 never executed
        -:   55:
    #####:   56:    return starting123;
        -:   57:}
        -:   58:
        -:   59:// DFA for odd 0 even 1
function create_odd_0_even_1 called 0 returned 0% blocks executed 0%
    #####:   60:DFA create_odd_0_even_1()
        -:   61:{
    #####:   62:    DFA odd0even1 = new_DFA(3);
    %%%%%:   62-block  0
call    0 never executed
    #####:   63:    DFA_set_accepting(odd0even1, 2, true);
call    0 never executed
    #####:   64:    DFA_set_transition_all(odd0even1, 0, 1);
call    0 never executed
    #####:   65:    DFA_set_transition_all(odd0even1, 1, 0);
call    0 never executed
        -:   66:
    #####:   67:    DFA_set_transition(odd0even1, 0, '0', 0);
call    0 never executed
    #####:   68:    DFA_set_transition(odd0even1, 0, '1', 1);
call    0 never executed
    #####:   69:    DFA_set_transition(odd0even1, 1, '0', 1);
call    0 never executed
    #####:   70:    DFA_set_transition(odd0even1, 1, '1', 0);
call    0 never executed
        -:   71:
    #####:   72:    return odd0even1;
        -:   73:}
        -:   74:
function main called 1 returned 100% blocks executed 100%
        1:   75:int main()
        -:   76:{
        -:   77:/*
        -:   78:    char *str = "Aho";
        -:   79:    // DFA for exactly the string "Aho"
        -:   80:    // Execute the DFA on the command line
        -:   81:    DFA exactlyAho = create_exactly_Aho();
        -:   82:    // Withing the printf pass the DFA and the string in execute DFA function
        -:   83:    // and print the result truth value
        -:   84:    printf("Accepted? : %d", DFA_execute(exactlyAho, str));
        -:   85:    DFA_free(exactlyAho);
        -:   86:*/
        -:   87:
        -:   88:    // DFA for 1 2 3 in order Testing
        1:   89:    char *str = "3132";
        1:   90:    DFA order123 = create_order_1_2_3();
        1:   90-block  0
call    0 returned 1
        1:   91:    printf("Accepted? : %d", DFA_execute(order123, str));
call    0 returned 1
call    1 returned 1
        1:   92:    DFA_free(order123);
call    0 returned 1
        -:   93:
        -:   94:/*    // DFA for 1 or 2 or 3 at the start Testing
        -:   95:    char *str = "523";
        -:   96:    DFA starting123 = create_starting_1_or_2_or_3();
        -:   97:    printf("Accepted? : %d", DFA_execute(starting123, str));
        -:   98:    DFA_free(starting123);*/
        -:   99:
        -:  100:
        1:  101:    return 0;
        -:  102:}
